<?xml version="1.0" encoding="UTF-8"?>
<!-- Generated by org.testng.reporters.JUnitXMLReporter -->
<testsuite ignored="11" hostname="Free" failures="0" tests="1" name="Default test" time="127.754" errors="0" timestamp="2025-06-20T16:24:07 IST">
  <testcase classname="Vizza.InsuranceFlow" name="Assure_1B" time="92.315"/>
  <testcase classname="Vizza.InsuranceFlow" name="WomensCare_3C" time="0.0">
    <ignored/>
  </testcase> <!-- WomensCare_3C -->
  <testcase classname="Vizza.InsuranceFlow" name="WomensCare_3D" time="0.0">
    <ignored/>
  </testcase> <!-- WomensCare_3D -->
  <testcase classname="Vizza.InsuranceFlow" name="Assure_1C" time="0.0">
    <ignored/>
  </testcase> <!-- Assure_1C -->
  <testcase classname="Vizza.InsuranceFlow" name="Assure_1D" time="0.0">
    <ignored/>
  </testcase> <!-- Assure_1D -->
  <testcase classname="Vizza.InsuranceFlow" name="Comprehensive_2D" time="0.0">
    <ignored/>
  </testcase> <!-- Comprehensive_2D -->
  <testcase classname="Vizza.InsuranceFlow" name="Comprehensive_2C" time="0.0">
    <ignored/>
  </testcase> <!-- Comprehensive_2C -->
  <testcase classname="Vizza.InsuranceFlow" name="Comprehensive_2B" time="0.0">
    <ignored/>
  </testcase> <!-- Comprehensive_2B -->
  <testcase classname="Vizza.InsuranceFlow" name="Comprehensive_2A" time="0.0">
    <ignored/>
  </testcase> <!-- Comprehensive_2A -->
  <testcase classname="Vizza.InsuranceFlow" name="WomensCare_3A" time="0.0">
    <ignored/>
  </testcase> <!-- WomensCare_3A -->
  <testcase classname="Vizza.InsuranceFlow" name="Assure_1A" time="0.0">
    <ignored/>
  </testcase> <!-- Assure_1A -->
  <testcase classname="Vizza.InsuranceFlow" name="WomensCare_3B" time="0.0">
    <ignored/>
  </testcase> <!-- WomensCare_3B -->
</testsuite> <!-- Default test -->
