<?xml version="1.0" encoding="UTF-8"?>
<!-- Generated by org.testng.reporters.JUnitXMLReporter -->
<testsuite ignored="7" hostname="Afraah_Abhi" failures="0" tests="1" name="Default test" time="151.434" errors="0" timestamp="2025-07-19T17:33:40 IST">
  <testcase classname="Vizza.InsuranceFlow" name="Assure_1A" time="112.791"/>
  <testcase classname="Vizza.InsuranceFlow" name="Assure_1D" time="0.0">
    <ignored/>
  </testcase> <!-- Assure_1D -->
  <testcase classname="Vizza.InsuranceFlow" name="Assure_1C" time="0.0">
    <ignored/>
  </testcase> <!-- Assure_1C -->
  <testcase classname="Vizza.InsuranceFlow" name="Assure_1B" time="0.0">
    <ignored/>
  </testcase> <!-- Assure_1B -->
  <testcase classname="Vizza.InsuranceFlow" name="Comprehensive_2D" time="0.0">
    <ignored/>
  </testcase> <!-- Comprehensive_2D -->
  <testcase classname="Vizza.InsuranceFlow" name="Comprehensive_2B" time="0.0">
    <ignored/>
  </testcase> <!-- Comprehensive_2B -->
  <testcase classname="Vizza.InsuranceFlow" name="Comprehensive_2C" time="0.0">
    <ignored/>
  </testcase> <!-- Comprehensive_2C -->
  <testcase classname="Vizza.InsuranceFlow" name="Comprehensive_2A" time="0.0">
    <ignored/>
  </testcase> <!-- Comprehensive_2A -->
</testsuite> <!-- Default test -->
