<?xml version="1.0" encoding="UTF-8"?>
<testng-results ignored="11" total="12" passed="1" failed="0" skipped="0">
  <reporter-output>
  </reporter-output>
  <suite started-at="2025-06-20T16:21:59 IST" name="Default suite" finished-at="2025-06-20T16:24:07 IST" duration-ms="127754">
    <groups>
    </groups>
    <test started-at="2025-06-20T16:21:59 IST" name="Default test" finished-at="2025-06-20T16:24:07 IST" duration-ms="127754">
      <class name="Vizza.InsuranceFlow">
        <test-method is-config="true" signature="beforeTest()[pri:0, instance:Vizza.InsuranceFlow@3e694b3f]" started-at="2025-06-20T16:21:59 IST" name="beforeTest" finished-at="2025-06-20T16:22:24 IST" duration-ms="25164" status="PASS">
          <reporter-output>
          </reporter-output>
        </test-method> <!-- beforeTest -->
        <test-method signature="Assure_1B()[pri:0, instance:Vizza.InsuranceFlow@3e694b3f]" started-at="2025-06-20T16:22:24 IST" name="Assure_1B" finished-at="2025-06-20T16:23:57 IST" duration-ms="92315" status="PASS">
          <reporter-output>
          </reporter-output>
        </test-method> <!-- Assure_1B -->
        <test-method is-config="true" signature="afterTest()[pri:0, instance:Vizza.InsuranceFlow@3e694b3f]" started-at="2025-06-20T16:23:57 IST" name="afterTest" finished-at="2025-06-20T16:24:07 IST" duration-ms="10202" status="PASS">
          <reporter-output>
          </reporter-output>
        </test-method> <!-- afterTest -->
      </class> <!-- Vizza.InsuranceFlow -->
    </test> <!-- Default test -->
  </suite> <!-- Default suite -->
</testng-results>
