<?xml version="1.0" encoding="UTF-8"?>
<testng-results ignored="7" total="8" passed="1" failed="0" skipped="0">
  <reporter-output>
  </reporter-output>
  <suite started-at="2025-07-19T17:31:09 IST" name="Default suite" finished-at="2025-07-19T17:33:40 IST" duration-ms="151434">
    <groups>
    </groups>
    <test started-at="2025-07-19T17:31:09 IST" name="Default test" finished-at="2025-07-19T17:33:40 IST" duration-ms="151434">
      <class name="Vizza.InsuranceFlow">
        <test-method is-config="true" signature="beforeTest()[pri:0, instance:Vizza.InsuranceFlow@4802796d]" started-at="2025-07-19T17:31:09 IST" name="beforeTest" finished-at="2025-07-19T17:31:35 IST" duration-ms="25867" status="PASS">
          <reporter-output>
          </reporter-output>
        </test-method> <!-- beforeTest -->
        <test-method signature="Assure_1A()[pri:0, instance:Vizza.InsuranceFlow@4802796d]" started-at="2025-07-19T17:31:35 IST" name="Assure_1A" finished-at="2025-07-19T17:33:28 IST" duration-ms="112791" status="PASS">
          <reporter-output>
          </reporter-output>
        </test-method> <!-- Assure_1A -->
        <test-method is-config="true" signature="afterTest()[pri:0, instance:Vizza.InsuranceFlow@4802796d]" started-at="2025-07-19T17:33:28 IST" name="afterTest" finished-at="2025-07-19T17:33:40 IST" duration-ms="12692" status="PASS">
          <reporter-output>
          </reporter-output>
        </test-method> <!-- afterTest -->
      </class> <!-- Vizza.InsuranceFlow -->
    </test> <!-- Default test -->
  </suite> <!-- Default suite -->
</testng-results>
